iconosgif\gif32\
iconosgif\gif32\bola.gif     
iconosgif\gif32\carta.gif    
iconosgif\gif32\cartera.gif  
iconosgif\gif32\explorer.gif 
iconosgif\gif32\folder.gif   
iconosgif\gif32\keys.gif     
iconosgif\gif32\linux.gif    
iconosgif\gif32\mano.gif     
iconosgif\gif32\mipc.gif     
iconosgif\gif32\mouse.gif    
iconosgif\gif32\mundo.gif    
iconosgif\gif32\musica.gif   
iconosgif\gif32\paint.gif    
iconosgif\gif32\papelera.gif 
iconosgif\gif32\printer.gif  
iconosgif\gif32\reset.gif    
iconosgif\gif32\sobre.gif    
iconosgif\gif32\todos        
iconosgif\gif32\tools.gif    
iconosgif\gif32\users.gif    
iconosgif\gif32\ico01.gif    
iconosgif\gif32\ico02.gif    
iconosgif\gif32\ico03.gif    
iconosgif\gif32\ico04.gif    
iconosgif\gif32\ico05.gif    
iconosgif\gif32\ico06.gif    
iconosgif\gif32\ico07.gif    
iconosgif\gif32\ico08.gif    
iconosgif\gif32\ico09.gif    
iconosgif\gif32\ico10.gif    
iconosgif\gif32\ico11.gif    
iconosgif\gif32\ico12.gif    
